<?xml version="1.0" encoding="UTF-8"?>
<!-- Generated by org.testng.reporters.JUnitXMLReporter -->
<testsuite hostname="Ravi-PC" ignored="0" name="Test" tests="3" failures="1" timestamp="20 Aug 2018 14:59:12 GMT" time="60.072" errors="0">
  <testcase name="Invalidpwd" time="4.158" classname="testScript.TestLogin"/>
  <testcase name="testInvalidun" time="4.128" classname="testScript.TestLogin"/>
  <testcase name="testValidUnPw" time="8.186" classname="testScript.TestLogin">
    <failure type="java.lang.AssertionError" message="expected [actiTIME - Enter Time-Track] but found [actiTIME - Login]">
      <![CDATA[java.lang.AssertionError: expected [actiTIME - Enter Time-Track] but found [actiTIME - Login]
at testScript.TestLogin.testValidUnPw(TestLogin.java:20)
... Removed 31 stack frames]]>
    </failure>
  </testcase> <!-- testValidUnPw -->
</testsuite> <!-- Test -->
